<?xml version="1.0" encoding="UTF-8"?>
<!-- Generated by org.testng.reporters.JUnitXMLReporter -->
<testsuite ignored="0" hostname="IN-75272J3" failures="0" tests="5" name="Selenium Test Cases" time="46.671" errors="0" timestamp="2024-07-31T13:22:40 IST">
  <testcase classname="com.nagp.testcases.LoginTest" name="verifyLoginWithValidCredentials" time="2.305"/>
  <testcase classname="com.nagp.testcases.SearchTest" name="searchSortProduct" time="1.701"/>
  <testcase classname="com.nagp.testcases.AddToCart" name="addToCart" time="2.928"/>
  <testcase classname="com.nagp.testcases.RemoveFromCartTest" name="removeFromCart" time="2.238"/>
  <testcase classname="com.nagp.testcases.ClickProductDetailsTest" name="clickProductDetails" time="1.829"/>
</testsuite> <!-- Selenium Test Cases -->
