<?xml version="1.0" encoding="UTF-8"?>
<testng-results ignored="0" total="5" passed="5" failed="0" skipped="0">
  <reporter-output>
  </reporter-output>
  <suite started-at="2024-07-31T13:21:52 IST" name="Suite" finished-at="2024-07-31T13:22:39 IST" duration-ms="46671">
    <groups>
    </groups>
    <test started-at="2024-07-31T13:21:52 IST" name="Selenium Test Cases" finished-at="2024-07-31T13:22:39 IST" duration-ms="46671">
      <class name="com.nagp.testcases.SearchTest">
        <test-method is-config="true" signature="setup()[pri:0, instance:com.nagp.testcases.SearchTest@d737b89]" started-at="2024-07-31T13:22:07 IST" name="setup" finished-at="2024-07-31T13:22:12 IST" duration-ms="4900" status="PASS">
          <reporter-output>
          </reporter-output>
        </test-method> <!-- setup -->
        <test-method signature="searchSortProduct(java.lang.String,java.lang.String)[pri:1, instance:com.nagp.testcases.SearchTest@d737b89]" started-at="2024-07-31T13:22:12 IST" name="searchSortProduct" data-provider="LoginData" finished-at="2024-07-31T13:22:14 IST" duration-ms="1701" status="PASS">
          <params>
            <param index="0">
              <value>
                <![CDATA[standard_user]]>
              </value>
            </param>
            <param index="1">
              <value>
                <![CDATA[secret_sauce]]>
              </value>
            </param>
          </params>
          <reporter-output>
          </reporter-output>
        </test-method> <!-- searchSortProduct -->
        <test-method is-config="true" signature="tearDown()[pri:0, instance:com.nagp.testcases.SearchTest@d737b89]" started-at="2024-07-31T13:22:14 IST" name="tearDown" finished-at="2024-07-31T13:22:15 IST" duration-ms="1195" status="PASS">
          <reporter-output>
          </reporter-output>
        </test-method> <!-- tearDown -->
      </class> <!-- com.nagp.testcases.SearchTest -->
      <class name="com.nagp.testcases.LoginTest">
        <test-method is-config="true" signature="setup()[pri:0, instance:com.nagp.testcases.LoginTest@5b1669c0]" started-at="2024-07-31T13:21:54 IST" name="setup" finished-at="2024-07-31T13:22:03 IST" duration-ms="9024" status="PASS">
          <reporter-output>
          </reporter-output>
        </test-method> <!-- setup -->
        <test-method signature="verifyLoginWithValidCredentials(java.lang.String,java.lang.String)[pri:1, instance:com.nagp.testcases.LoginTest@5b1669c0]" started-at="2024-07-31T13:22:03 IST" name="verifyLoginWithValidCredentials" data-provider="LoginData" finished-at="2024-07-31T13:22:06 IST" duration-ms="2305" status="PASS">
          <params>
            <param index="0">
              <value>
                <![CDATA[standard_user]]>
              </value>
            </param>
            <param index="1">
              <value>
                <![CDATA[secret_sauce]]>
              </value>
            </param>
          </params>
          <reporter-output>
          </reporter-output>
        </test-method> <!-- verifyLoginWithValidCredentials -->
        <test-method is-config="true" signature="tearDown()[pri:0, instance:com.nagp.testcases.LoginTest@5b1669c0]" started-at="2024-07-31T13:22:06 IST" name="tearDown" finished-at="2024-07-31T13:22:07 IST" duration-ms="1320" status="PASS">
          <reporter-output>
          </reporter-output>
        </test-method> <!-- tearDown -->
      </class> <!-- com.nagp.testcases.LoginTest -->
      <class name="com.nagp.testcases.AddToCart">
        <test-method is-config="true" signature="setup()[pri:0, instance:com.nagp.testcases.AddToCart@8519cb4]" started-at="2024-07-31T13:22:15 IST" name="setup" finished-at="2024-07-31T13:22:19 IST" duration-ms="4364" status="PASS">
          <reporter-output>
          </reporter-output>
        </test-method> <!-- setup -->
        <test-method signature="addToCart(java.lang.String,java.lang.String)[pri:1, instance:com.nagp.testcases.AddToCart@8519cb4]" started-at="2024-07-31T13:22:19 IST" name="addToCart" data-provider="LoginData" finished-at="2024-07-31T13:22:22 IST" duration-ms="2928" status="PASS">
          <params>
            <param index="0">
              <value>
                <![CDATA[standard_user]]>
              </value>
            </param>
            <param index="1">
              <value>
                <![CDATA[secret_sauce]]>
              </value>
            </param>
          </params>
          <reporter-output>
          </reporter-output>
        </test-method> <!-- addToCart -->
        <test-method is-config="true" signature="tearDown()[pri:0, instance:com.nagp.testcases.AddToCart@8519cb4]" started-at="2024-07-31T13:22:22 IST" name="tearDown" finished-at="2024-07-31T13:22:23 IST" duration-ms="957" status="PASS">
          <reporter-output>
          </reporter-output>
        </test-method> <!-- tearDown -->
      </class> <!-- com.nagp.testcases.AddToCart -->
      <class name="com.nagp.testcases.ClickProductDetailsTest">
        <test-method is-config="true" signature="setup()[pri:0, instance:com.nagp.testcases.ClickProductDetailsTest@2d901eb0]" started-at="2024-07-31T13:22:31 IST" name="setup" finished-at="2024-07-31T13:22:36 IST" duration-ms="4808" status="PASS">
          <reporter-output>
          </reporter-output>
        </test-method> <!-- setup -->
        <test-method signature="clickProductDetails(java.lang.String,java.lang.String)[pri:1, instance:com.nagp.testcases.ClickProductDetailsTest@2d901eb0]" started-at="2024-07-31T13:22:36 IST" name="clickProductDetails" data-provider="LoginData" finished-at="2024-07-31T13:22:38 IST" duration-ms="1829" status="PASS">
          <params>
            <param index="0">
              <value>
                <![CDATA[standard_user]]>
              </value>
            </param>
            <param index="1">
              <value>
                <![CDATA[secret_sauce]]>
              </value>
            </param>
          </params>
          <reporter-output>
          </reporter-output>
        </test-method> <!-- clickProductDetails -->
        <test-method is-config="true" signature="tearDown()[pri:0, instance:com.nagp.testcases.ClickProductDetailsTest@2d901eb0]" started-at="2024-07-31T13:22:38 IST" name="tearDown" finished-at="2024-07-31T13:22:39 IST" duration-ms="873" status="PASS">
          <reporter-output>
          </reporter-output>
        </test-method> <!-- tearDown -->
      </class> <!-- com.nagp.testcases.ClickProductDetailsTest -->
      <class name="com.nagp.testcases.RemoveFromCartTest">
        <test-method is-config="true" signature="setup()[pri:0, instance:com.nagp.testcases.RemoveFromCartTest@35dab4eb]" started-at="2024-07-31T13:22:23 IST" name="setup" finished-at="2024-07-31T13:22:28 IST" duration-ms="4553" status="PASS">
          <reporter-output>
          </reporter-output>
        </test-method> <!-- setup -->
        <test-method signature="removeFromCart(java.lang.String,java.lang.String)[pri:1, instance:com.nagp.testcases.RemoveFromCartTest@35dab4eb]" started-at="2024-07-31T13:22:28 IST" name="removeFromCart" data-provider="LoginData" finished-at="2024-07-31T13:22:30 IST" duration-ms="2238" status="PASS">
          <params>
            <param index="0">
              <value>
                <![CDATA[standard_user]]>
              </value>
            </param>
            <param index="1">
              <value>
                <![CDATA[secret_sauce]]>
              </value>
            </param>
          </params>
          <reporter-output>
          </reporter-output>
        </test-method> <!-- removeFromCart -->
        <test-method is-config="true" signature="tearDown()[pri:0, instance:com.nagp.testcases.RemoveFromCartTest@35dab4eb]" started-at="2024-07-31T13:22:30 IST" name="tearDown" finished-at="2024-07-31T13:22:31 IST" duration-ms="1576" status="PASS">
          <reporter-output>
          </reporter-output>
        </test-method> <!-- tearDown -->
      </class> <!-- com.nagp.testcases.RemoveFromCartTest -->
    </test> <!-- Selenium Test Cases -->
  </suite> <!-- Suite -->
</testng-results>
